2016-12-15 08:22:34,591 - INFO : gaussoraConf.pl 1 1000 0.1  >  /Users/parnell/data/rdata/conf/vec/gaussian/conf/gaussian__d=1000_s=10000000_nclus=1_var=0.1.conf.txt
2016-12-15 08:22:34,603 - INFO : gaussora -gauss /Users/parnell/data/rdata/conf/vec/gaussian/conf/gaussian__d=1000_s=10000000_nclus=1_var=0.1.conf.txt -n 10000000 -q 0  >  /Users/parnell/data/rdata/vec/gaussian/gaussian__d=1000_s=10000000_nclus=1_var=0.1.vec
2016-12-15 08:38:04,286 - ERROR : Error running process gaussora -gauss /Users/parnell/data/rdata/conf/vec/gaussian/conf/gaussian__d=1000_s=10000000_nclus=1_var=0.1.conf.txt -n 10000000 -q 0  >  /Users/parnell/data/rdata/vec/gaussian/gaussian__d=1000_s=10000000_nclus=1_var=0.1.vec
2016-12-15 12:20:47,620 - INFO : gaussoraConf.pl 1 1000 0.1  >  /Users/parnell/data/rdata/conf/vec/gaussian/conf/gaussian__d=1000_s=1000000_nclus=1_var=0.1.conf.txt
2016-12-15 12:20:47,673 - INFO : gaussora -gauss /Users/parnell/data/rdata/conf/vec/gaussian/conf/gaussian__d=1000_s=1000000_nclus=1_var=0.1.conf.txt -n 1000000 -q 0  >  /Users/parnell/data/rdata/vec/gaussian/gaussian__d=1000_s=1000000_nclus=1_var=0.1.vec
2016-12-15 12:25:52,751 - INFO : func<'_genGauss'> took: 305.1308 sec
2016-12-15 12:25:52,761 - INFO : vec2bin /Users/parnell/data/rdata/vec/gaussian/gaussian__d=1000_s=1000000_nclus=1_var=0.1.vec /Users/parnell/data/rdata/vec/gaussian/gaussian__d=1000_s=1000000_nclus=1_var=0.1.bin  >  <stdout>
2016-12-15 12:42:15,914 - INFO : func<'_vec2bin'> took: 983.1538 sec
2016-12-15 12:42:15,917 - INFO : vec2hdf5 /Users/parnell/data/rdata/vec/gaussian/gaussian__d=1000_s=1000000_nclus=1_var=0.1.vec /Users/parnell/data/rdata/vec/gaussian/gaussian__d=1000_s=1000000_nclus=1_var=0.1.hdf5 data  >  <stdout>
2016-12-15 12:57:22,914 - INFO : func<'_vec2hdf5'> took: 906.9979 sec
2016-12-15 12:57:22,917 - INFO : vec2vect /Users/parnell/data/rdata/vec/gaussian/gaussian__d=1000_s=1000000_nclus=1_var=0.1.vec /Users/parnell/data/rdata/vec/gaussian/gaussian__d=1000_s=1000000_nclus=1_var=0.1.vect  >  <stdout>
2016-12-15 15:08:31,055 - INFO : func<'_genGauss'> took: 0.0009 sec
2016-12-15 15:08:31,055 - INFO : func<'_vec2bin'> took: 0.0000 sec
2016-12-15 15:08:31,055 - INFO : func<'_vec2hdf5'> took: 0.0000 sec
2016-12-15 15:08:31,055 - INFO : func<'_vec2vect'> took: 0.0000 sec
2016-12-15 15:08:55,729 - INFO : func<'_genGauss'> took: 0.0001 sec
2016-12-15 15:08:55,729 - INFO : func<'_vec2bin'> took: 0.0000 sec
2016-12-15 15:08:55,729 - INFO : func<'_vec2hdf5'> took: 0.0000 sec
2016-12-15 15:08:55,729 - INFO : func<'_vec2vect'> took: 0.0000 sec
2016-12-15 15:12:58,914 - INFO : func<'_genGauss'> took: 0.0002 sec
2016-12-15 15:12:58,915 - INFO : func<'_vec2bin'> took: 0.0000 sec
2016-12-15 15:12:58,915 - INFO : func<'_vec2hdf5'> took: 0.0000 sec
2016-12-15 15:12:58,915 - INFO : func<'_vec2vect'> took: 0.0000 sec
2016-12-15 15:12:58,915 - INFO : CreateLSHBenchmark /Users/parnell/data/rdata/vec/gaussian/gaussian__d=2_s=100000_nclus=1_var=0.1.bin /Users/parnell/data/rdata/results/vec/gaussian/benchmarks/gaussian__d=2_s=100000_nclus=1_var=0.1_k=3.topk.txt 3 10  >  /Users/parnell/data/rdata/results/vec/gaussian/benchmarks/gaussian__d=2_s=100000_nclus=1_var=0.1_k=3.bench.txt
2016-12-15 15:14:22,323 - INFO : func<'_genGauss'> took: 0.0003 sec
2016-12-15 15:14:22,324 - INFO : func<'_vec2bin'> took: 0.0000 sec
2016-12-15 15:14:22,324 - INFO : func<'_vec2hdf5'> took: 0.0000 sec
2016-12-15 15:14:22,324 - INFO : func<'_vec2vect'> took: 0.0000 sec
2016-12-15 15:14:22,324 - INFO : CreateLSHBenchmark /Users/parnell/data/rdata/vec/gaussian/gaussian__d=2_s=100000_nclus=1_var=0.1.bin /Users/parnell/data/rdata/results/vec/gaussian/benchmarks/gaussian__d=2_s=100000_nclus=1_var=0.1_k=3.topk.txt 3 10  >  /Users/parnell/data/rdata/results/vec/gaussian/benchmarks/gaussian__d=2_s=100000_nclus=1_var=0.1_k=3.bench.txt
2016-12-15 15:16:57,641 - INFO : func<'_genGauss'> took: 0.0003 sec
2016-12-15 15:16:57,642 - INFO : func<'_vec2bin'> took: 0.0000 sec
2016-12-15 15:16:57,642 - INFO : func<'_vec2hdf5'> took: 0.0000 sec
2016-12-15 15:16:57,642 - INFO : func<'_vec2vect'> took: 0.0000 sec
2016-12-15 15:16:57,642 - INFO : CreateLSHBenchmark /Users/parnell/data/rdata/vec/gaussian/gaussian__d=2_s=100000_nclus=1_var=0.1.bin /Users/parnell/data/rdata/results/vec/gaussian/benchmarks/gaussian__d=2_s=100000_nclus=1_var=0.1_k=3.topk.txt 3 10  >  /Users/parnell/data/rdata/results/vec/gaussian/benchmarks/gaussian__d=2_s=100000_nclus=1_var=0.1_k=3.bench.txt
2016-12-15 15:20:50,070 - INFO : func<'_genGauss'> took: 0.0011 sec
2016-12-15 15:20:50,071 - INFO : func<'_vec2bin'> took: 0.0000 sec
2016-12-15 15:20:50,072 - INFO : func<'_vec2hdf5'> took: 0.0000 sec
2016-12-15 15:20:50,073 - INFO : func<'_vec2vect'> took: 0.0000 sec
2016-12-15 15:21:09,340 - INFO : CreateLSHBenchmark /Users/parnell/data/rdata/vec/gaussian/gaussian__d=2_s=100000_nclus=1_var=0.1.bin /Users/parnell/data/rdata/results/vec/gaussian/benchmarks/gaussian__d=2_s=100000_nclus=1_var=0.1_k=3.topk.txt 3 10  >  /Users/parnell/data/rdata/results/vec/gaussian/benchmarks/gaussian__d=2_s=100000_nclus=1_var=0.1_k=3.bench.txt
2016-12-15 15:21:25,701 - INFO : func<'_genGauss'> took: 0.0011 sec
2016-12-15 15:21:25,703 - INFO : func<'_vec2bin'> took: 0.0000 sec
2016-12-15 15:21:25,704 - INFO : func<'_vec2hdf5'> took: 0.0000 sec
2016-12-15 15:21:25,705 - INFO : func<'_vec2vect'> took: 0.0001 sec
2016-12-15 15:21:41,460 - INFO : CreateLSHBenchmark /Users/parnell/data/rdata/vec/gaussian/gaussian__d=2_s=100000_nclus=1_var=0.1.bin /Users/parnell/data/rdata/results/vec/gaussian/benchmarks/gaussian__d=2_s=100000_nclus=1_var=0.1_k=3.topk.txt 3 10  >  /Users/parnell/data/rdata/results/vec/gaussian/benchmarks/gaussian__d=2_s=100000_nclus=1_var=0.1_k=3.bench.txt
2016-12-15 15:22:33,923 - INFO : func<'_genGauss'> took: 0.0003 sec
2016-12-15 15:22:33,923 - INFO : func<'_vec2bin'> took: 0.0000 sec
2016-12-15 15:22:33,923 - INFO : func<'_vec2hdf5'> took: 0.0000 sec
2016-12-15 15:22:33,923 - INFO : func<'_vec2vect'> took: 0.0000 sec
2016-12-15 15:22:33,924 - INFO : CreateLSHBenchmark /Users/parnell/data/rdata/vec/gaussian/gaussian__d=2_s=100000_nclus=1_var=0.1.bin /Users/parnell/data/rdata/results/vec/gaussian/benchmarks/gaussian__d=2_s=100000_nclus=1_var=0.1_k=3.topk.txt 3 10  >  /Users/parnell/data/rdata/results/vec/gaussian/benchmarks/gaussian__d=2_s=100000_nclus=1_var=0.1_k=3.bench.txt
2016-12-15 15:34:01,328 - INFO : func<'_genGauss'> took: 0.0002 sec
2016-12-15 15:34:01,328 - INFO : func<'_vec2bin'> took: 0.0000 sec
2016-12-15 15:34:01,328 - INFO : func<'_vec2hdf5'> took: 0.0000 sec
2016-12-15 15:34:01,328 - INFO : func<'_vec2vect'> took: 0.0000 sec
2016-12-15 15:34:01,329 - INFO : CreateLSHBenchmark /Users/parnell/data/rdata/vec/gaussian/gaussian__d=2_s=100000_nclus=1_var=0.1.bin /Users/parnell/data/rdata/results/vec/gaussian/benchmarks/gaussian__d=2_s=100000_nclus=1_var=0.1_k=3.topk.txt 3 10  >  /Users/parnell/data/rdata/results/vec/gaussian/benchmarks/gaussian__d=2_s=100000_nclus=1_var=0.1_k=3.bench.txt
2016-12-15 15:34:01,398 - INFO : func<'runbench'> took: 0.0695 sec
2016-12-15 15:34:01,399 - INFO : LSHBox /Users/parnell/data/rdata/vec/gaussian/gaussian__d=2_s=100000_nclus=1_var=0.1.bin /Users/parnell/data/rdata/vec/gaussian/indexes/gaussian__d=2_s=100000_nclus=1_var=0.1.lsh /Users/parnell/data/rdata/results/vec/gaussian/benchmarks/gaussian__d=2_s=100000_nclus=1_var=0.1_k=3.topk.txt 3 /Users/parnell/data/rdata/vec/gaussian/query/query_gaussian__d=2_s=100000_nclus=1_var=0.1_qs=10_f=0.vec  >  <stdout>
2016-12-15 15:34:01,902 - INFO : func<'_runlsh'> took: 0.5023 sec
2016-12-15 16:02:25,301 - INFO : func<'_genGauss'> took: 0.0001 sec
2016-12-15 16:02:25,301 - INFO : func<'_vec2bin'> took: 0.0000 sec
2016-12-15 16:02:25,302 - INFO : func<'_vec2hdf5'> took: 0.0000 sec
2016-12-15 16:02:25,302 - INFO : func<'_vec2vect'> took: 0.0000 sec
2016-12-15 16:02:25,302 - INFO : func<'runbench'> took: 0.0001 sec
2016-12-15 16:02:25,303 - INFO : func<'_runlsh'> took: 0.0000 sec
2016-12-15 16:16:09,251 - INFO : func<'_genGauss'> took: 0.0002 sec
2016-12-15 16:16:09,251 - INFO : func<'_vec2bin'> took: 0.0000 sec
2016-12-15 16:16:09,251 - INFO : func<'_vec2hdf5'> took: 0.0000 sec
2016-12-15 16:16:09,252 - INFO : func<'_vec2vect'> took: 0.0000 sec
2016-12-15 16:31:22,399 - INFO : gaussoraConf.pl 1 2 0.1  >  /Users/parnell/data/rdata/conf/vec/gaussian/conf/gaussian__d=2_s=100000_nclus=1_var=0.1.conf.txt
2016-12-15 16:31:22,447 - INFO : gaussora -gauss /Users/parnell/data/rdata/conf/vec/gaussian/conf/gaussian__d=2_s=100000_nclus=1_var=0.1.conf.txt -n 100000 -q 0  >  /Users/parnell/data/rdata/vec/gaussian/gaussian__d=2_s=100000_nclus=1_var=0.1.vec
2016-12-15 16:31:22,535 - INFO : func<'_genGauss'> took: 0.1371 sec
2016-12-15 16:31:22,536 - INFO : vec2bin /Users/parnell/data/rdata/vec/gaussian/gaussian__d=2_s=100000_nclus=1_var=0.1.vec /Users/parnell/data/rdata/vec/gaussian/gaussian__d=2_s=100000_nclus=1_var=0.1.bin  >  <stdout>
2016-12-15 16:31:22,756 - INFO : func<'_vec2bin'> took: 0.2195 sec
2016-12-15 16:31:22,756 - INFO : vec2hdf5 /Users/parnell/data/rdata/vec/gaussian/gaussian__d=2_s=100000_nclus=1_var=0.1.vec /Users/parnell/data/rdata/vec/gaussian/gaussian__d=2_s=100000_nclus=1_var=0.1.hdf5 data  >  <stdout>
2016-12-15 16:31:23,001 - INFO : func<'_vec2hdf5'> took: 0.2449 sec
2016-12-15 16:31:23,001 - INFO : vec2vect /Users/parnell/data/rdata/vec/gaussian/gaussian__d=2_s=100000_nclus=1_var=0.1.vec /Users/parnell/data/rdata/vec/gaussian/gaussian__d=2_s=100000_nclus=1_var=0.1.vect  >  <stdout>
2016-12-15 16:31:23,021 - INFO : func<'_vec2vect'> took: 0.0194 sec
2016-12-15 16:31:31,021 - INFO : func<'_genGauss'> took: 0.0001 sec
2016-12-15 16:31:31,021 - INFO : func<'_vec2bin'> took: 0.0000 sec
2016-12-15 16:31:31,021 - INFO : func<'_vec2hdf5'> took: 0.0000 sec
2016-12-15 16:31:31,021 - INFO : func<'_vec2vect'> took: 0.0000 sec
2016-12-15 16:31:31,022 - INFO : CreateLSHBenchmark /Users/parnell/data/rdata/vec/gaussian/gaussian__d=2_s=100000_nclus=1_var=0.1.bin /Users/parnell/data/rdata/results/vec/gaussian/benchmarks/gaussian__d=2_s=100000_nclus=1_var=0.1_k=3.topk.txt 3 10  >  /Users/parnell/data/rdata/results/vec/gaussian/benchmarks/gaussian__d=2_s=100000_nclus=1_var=0.1_k=3.lsh.bench.txt
2016-12-15 16:31:31,093 - INFO : func<'runbench'> took: 0.0707 sec
2016-12-15 16:31:31,093 - INFO : LSHBox /Users/parnell/data/rdata/vec/gaussian/gaussian__d=2_s=100000_nclus=1_var=0.1.bin /Users/parnell/data/rdata/vec/gaussian/indexes/gaussian__d=2_s=100000_nclus=1_var=0.1.lsh /Users/parnell/data/rdata/results/vec/gaussian/benchmarks/gaussian__d=2_s=100000_nclus=1_var=0.1_k=3.topk.txt 3 /Users/parnell/data/rdata/vec/gaussian/query/query_gaussian__d=2_s=100000_nclus=1_var=0.1_qs=10_f=0.vec  >  <stdout>
2016-12-15 16:31:31,675 - INFO : func<'_runlsh'> took: 0.5819 sec
2016-12-15 16:33:07,053 - INFO : func<'_genGauss'> took: 0.0001 sec
2016-12-15 16:33:07,053 - INFO : func<'_vec2bin'> took: 0.0000 sec
2016-12-15 16:33:07,053 - INFO : func<'_vec2hdf5'> took: 0.0000 sec
2016-12-15 16:33:07,053 - INFO : func<'_vec2vect'> took: 0.0000 sec
2016-12-15 16:33:07,054 - INFO : func<'runbench'> took: 0.0001 sec
2016-12-15 16:33:07,054 - INFO : LSHBox /Users/parnell/data/rdata/vec/gaussian/gaussian__d=2_s=100000_nclus=1_var=0.1.bin /Users/parnell/data/rdata/vec/gaussian/indexes/gaussian__d=2_s=100000_nclus=1_var=0.1.lsh /Users/parnell/data/rdata/results/vec/gaussian/benchmarks/gaussian__d=2_s=100000_nclus=1_var=0.1_k=3.topk.txt 3 /Users/parnell/data/rdata/vec/gaussian/query/query_gaussian__d=2_s=100000_nclus=1_var=0.1_qs=10_f=0.vec  >  <stdout>
2016-12-15 16:33:07,624 - INFO : func<'_runlsh'> took: 0.5694 sec
2016-12-16 17:18:26,589 - INFO : func<'_genGauss'> took: 0.0002 sec
2016-12-16 17:18:26,590 - INFO : func<'_vec2bin'> took: 0.0000 sec
2016-12-16 17:18:26,590 - INFO : func<'_vec2hdf5'> took: 0.0002 sec
2016-12-16 17:18:26,591 - INFO : func<'_vec2vect'> took: 0.0000 sec
2016-12-16 17:18:26,591 - INFO : func<'runbench'> took: 0.0002 sec
2016-12-16 17:18:26,591 - INFO : LSHBox /Users/parnell/data/rdata/vec/gaussian/gaussian__d=2_s=100000_nclus=1_var=0.1.bin /Users/parnell/data/rdata/vec/gaussian/indexes/gaussian__d=2_s=100000_nclus=1_var=0.1.lsh /Users/parnell/data/rdata/results/vec/gaussian/benchmarks/gaussian__d=2_s=100000_nclus=1_var=0.1_k=3.topk.txt 3 /Users/parnell/data/rdata/vec/gaussian/query/query_gaussian__d=2_s=100000_nclus=1_var=0.1_qs=10_f=0.vec  >  <stdout>
2016-12-16 17:18:27,211 - INFO : func<'_runlsh'> took: 0.6190 sec
2016-12-16 17:20:07,652 - INFO : func<'_genGauss'> took: 0.0002 sec
2016-12-16 17:20:07,652 - INFO : func<'_vec2bin'> took: 0.0000 sec
2016-12-16 17:20:07,652 - INFO : func<'_vec2hdf5'> took: 0.0000 sec
2016-12-16 17:20:07,652 - INFO : func<'_vec2vect'> took: 0.0000 sec
2016-12-16 17:20:07,653 - INFO : func<'runbench'> took: 0.0001 sec
2016-12-16 17:20:07,653 - INFO : LSHBox$> /Users/parnell/data/rdata/vec/gaussian/gaussian__d=2_s=100000_nclus=1_var=0.1.bin$> /Users/parnell/data/rdata/vec/gaussian/indexes/gaussian__d=2_s=100000_nclus=1_var=0.1.lsh$> /Users/parnell/data/rdata/results/vec/gaussian/benchmarks/gaussian__d=2_s=100000_nclus=1_var=0.1_k=3.topk.txt$> 3$> /Users/parnell/data/rdata/vec/gaussian/query/query_gaussian__d=2_s=100000_nclus=1_var=0.1_qs=10_f=0.vec  >  <stdout>
2016-12-16 17:20:08,209 - INFO : func<'_runlsh'> took: 0.5555 sec
2016-12-16 17:23:50,489 - INFO : func<'_genGauss'> took: 0.0001 sec
2016-12-16 17:23:50,489 - INFO : func<'_vec2bin'> took: 0.0000 sec
2016-12-16 17:23:50,489 - INFO : func<'_vec2hdf5'> took: 0.0000 sec
2016-12-16 17:23:50,489 - INFO : func<'_vec2vect'> took: 0.0000 sec
2016-12-16 17:23:50,490 - INFO : CreateLSHBenchmark$> /Users/parnell/data/rdata/vec/gaussian/gaussian__d=2_s=100000_nclus=1_var=0.1.bin$> /Users/parnell/data/rdata/results/vec/gaussian/benchmarks/gaussian__d=2_s=100000_nclus=1_var=0.1_k=3.topk.txt$> 3$> 10  >  /Users/parnell/data/rdata/results/vec/gaussian/benchmarks/gaussian__d=2_s=100000_nclus=1_var=0.1_k=3.lsh.bench.txt
2016-12-16 17:23:50,563 - INFO : func<'runbench'> took: 0.0734 sec
2016-12-16 17:23:50,564 - INFO : LSHBox$> /Users/parnell/data/rdata/vec/gaussian/gaussian__d=2_s=100000_nclus=1_var=0.1.bin$> /Users/parnell/data/rdata/vec/gaussian/indexes/gaussian__d=2_s=100000_nclus=1_var=0.1.lsh$> /Users/parnell/data/rdata/results/vec/gaussian/benchmarks/gaussian__d=2_s=100000_nclus=1_var=0.1_k=3.topk.txt$> 3$> /Users/parnell/data/rdata/vec/gaussian/query/query_gaussian__d=2_s=100000_nclus=1_var=0.1_qs=10_f=0.vec  >  <stdout>
2016-12-16 17:23:51,125 - INFO : func<'_runlsh'> took: 0.5608 sec
2016-12-16 17:24:07,833 - INFO : func<'_genGauss'> took: 0.0002 sec
2016-12-16 17:24:07,833 - INFO : func<'_vec2bin'> took: 0.0000 sec
2016-12-16 17:24:07,833 - INFO : func<'_vec2hdf5'> took: 0.0000 sec
2016-12-16 17:24:07,833 - INFO : func<'_vec2vect'> took: 0.0000 sec
2016-12-16 17:24:07,834 - INFO : CreateLSHBenchmark
$> /Users/parnell/data/rdata/vec/gaussian/gaussian__d=2_s=100000_nclus=1_var=0.1.bin
$> /Users/parnell/data/rdata/results/vec/gaussian/benchmarks/gaussian__d=2_s=100000_nclus=1_var=0.1_k=3.topk.txt
$> 3
$> 10  >  /Users/parnell/data/rdata/results/vec/gaussian/benchmarks/gaussian__d=2_s=100000_nclus=1_var=0.1_k=3.lsh.bench.txt
2016-12-16 17:24:07,903 - INFO : func<'runbench'> took: 0.0689 sec
2016-12-16 17:24:07,903 - INFO : LSHBox
$> /Users/parnell/data/rdata/vec/gaussian/gaussian__d=2_s=100000_nclus=1_var=0.1.bin
$> /Users/parnell/data/rdata/vec/gaussian/indexes/gaussian__d=2_s=100000_nclus=1_var=0.1.lsh
$> /Users/parnell/data/rdata/results/vec/gaussian/benchmarks/gaussian__d=2_s=100000_nclus=1_var=0.1_k=3.topk.txt
$> 3
$> /Users/parnell/data/rdata/vec/gaussian/query/query_gaussian__d=2_s=100000_nclus=1_var=0.1_qs=10_f=0.vec  >  <stdout>
2016-12-16 17:24:08,475 - INFO : func<'_runlsh'> took: 0.5718 sec
2016-12-16 17:24:27,331 - INFO : func<'_genGauss'> took: 0.0002 sec
2016-12-16 17:24:27,331 - INFO : func<'_vec2bin'> took: 0.0000 sec
2016-12-16 17:24:27,331 - INFO : func<'_vec2hdf5'> took: 0.0000 sec
2016-12-16 17:24:27,332 - INFO : func<'_vec2vect'> took: 0.0000 sec
2016-12-16 17:24:27,332 - INFO : 
$>CreateLSHBenchmark /Users/parnell/data/rdata/vec/gaussian/gaussian__d=2_s=100000_nclus=1_var=0.1.bin /Users/parnell/data/rdata/results/vec/gaussian/benchmarks/gaussian__d=2_s=100000_nclus=1_var=0.1_k=3.topk.txt 3 10  >  /Users/parnell/data/rdata/results/vec/gaussian/benchmarks/gaussian__d=2_s=100000_nclus=1_var=0.1_k=3.lsh.bench.txt
2016-12-16 17:24:27,401 - INFO : func<'runbench'> took: 0.0687 sec
2016-12-16 17:24:27,401 - INFO : 
$>LSHBox /Users/parnell/data/rdata/vec/gaussian/gaussian__d=2_s=100000_nclus=1_var=0.1.bin /Users/parnell/data/rdata/vec/gaussian/indexes/gaussian__d=2_s=100000_nclus=1_var=0.1.lsh /Users/parnell/data/rdata/results/vec/gaussian/benchmarks/gaussian__d=2_s=100000_nclus=1_var=0.1_k=3.topk.txt 3 /Users/parnell/data/rdata/vec/gaussian/query/query_gaussian__d=2_s=100000_nclus=1_var=0.1_qs=10_f=0.vec  >  <stdout>
2016-12-16 17:24:27,954 - INFO : func<'_runlsh'> took: 0.5528 sec
2016-12-16 17:26:40,759 - INFO : func<'_genGauss'> took: 0.0001 sec
2016-12-16 17:26:40,759 - INFO : func<'_vec2bin'> took: 0.0000 sec
2016-12-16 17:26:40,759 - INFO : func<'_vec2hdf5'> took: 0.0000 sec
2016-12-16 17:26:40,759 - INFO : func<'_vec2vect'> took: 0.0000 sec
2016-12-16 17:26:40,760 - INFO : 
$> CreateLSHBenchmark /Users/parnell/data/rdata/vec/gaussian/gaussian__d=2_s=100000_nclus=1_var=0.1.bin /Users/parnell/data/rdata/results/vec/gaussian/benchmarks/gaussian__d=2_s=100000_nclus=1_var=0.1_k=3.topk.txt 3 10  >  <stdout>
2016-12-16 17:26:40,828 - INFO : func<'runbench'> took: 0.0685 sec
2016-12-16 17:26:40,829 - INFO : 
$> LSHBox /Users/parnell/data/rdata/vec/gaussian/gaussian__d=2_s=100000_nclus=1_var=0.1.bin /Users/parnell/data/rdata/vec/gaussian/indexes/gaussian__d=2_s=100000_nclus=1_var=0.1.lsh /Users/parnell/data/rdata/results/vec/gaussian/benchmarks/gaussian__d=2_s=100000_nclus=1_var=0.1_k=3.topk.txt 3 /Users/parnell/data/rdata/vec/gaussian/query/query_gaussian__d=2_s=100000_nclus=1_var=0.1_qs=10_f=0.vec  >  <stdout>
2016-12-16 17:26:41,359 - INFO : func<'_runlsh'> took: 0.5300 sec
2016-12-16 17:45:37,970 - INFO : func<'_genGauss'> took: 0.0001 sec
2016-12-16 17:45:37,970 - INFO : func<'_vec2bin'> took: 0.0000 sec
2016-12-16 17:45:37,971 - INFO : func<'_vec2hdf5'> took: 0.0000 sec
2016-12-16 17:45:37,971 - INFO : func<'_vec2vect'> took: 0.0000 sec
2016-12-16 17:45:37,972 - INFO : 
$> CreateLSHBenchmark /Users/parnell/data/rdata/vec/gaussian/gaussian__d=2_s=100000_nclus=1_var=0.1.bin /Users/parnell/data/rdata/results/vec/gaussian/benchmarks/gaussian__d=2_s=100000_nclus=1_var=0.1_k=3.topk.txt 3 10  >  /Users/parnell/data/rdata/results/vec/gaussian/benchmarks/gaussian__d=2_s=100000_nclus=1_var=0.1_k=3.lsh.bench.txt
2016-12-16 17:45:38,048 - INFO : func<'runbench'> took: 0.0760 sec
2016-12-16 17:45:38,048 - INFO : 
$> LSHBox /Users/parnell/data/rdata/vec/gaussian/gaussian__d=2_s=100000_nclus=1_var=0.1.bin /Users/parnell/data/rdata/vec/gaussian/indexes/gaussian__d=2_s=100000_nclus=1_var=0.1.lsh /Users/parnell/data/rdata/results/vec/gaussian/benchmarks/gaussian__d=2_s=100000_nclus=1_var=0.1_k=3.topk.txt 3 /Users/parnell/data/rdata/vec/gaussian/query/query_gaussian__d=2_s=100000_nclus=1_var=0.1_qs=10_f=0.vec  >  /Users/parnell/data/rdata/results/vec/gaussian/benchmarks/gaussian__d=2_s=100000_nclus=1_var=0.1_k=3.rfile.txt
2016-12-16 17:45:38,609 - INFO : func<'_runlsh'> took: 0.5608 sec
2016-12-16 17:46:15,063 - INFO : func<'_genGauss'> took: 0.0002 sec
2016-12-16 17:46:15,064 - INFO : func<'_vec2bin'> took: 0.0000 sec
2016-12-16 17:46:15,064 - INFO : func<'_vec2hdf5'> took: 0.0000 sec
2016-12-16 17:46:15,064 - INFO : func<'_vec2vect'> took: 0.0000 sec
2016-12-16 17:46:15,065 - INFO : 
$> CreateLSHBenchmark /Users/parnell/data/rdata/vec/gaussian/gaussian__d=2_s=100000_nclus=1_var=0.1.bin /Users/parnell/data/rdata/results/vec/gaussian/benchmarks/gaussian__d=2_s=100000_nclus=1_var=0.1_k=3.topk.txt 3 10  > 
 /Users/parnell/data/rdata/results/vec/gaussian/benchmarks/gaussian__d=2_s=100000_nclus=1_var=0.1_k=3.lsh.bench.txt
2016-12-16 17:46:15,135 - INFO : func<'runbench'> took: 0.0702 sec
2016-12-16 17:46:15,136 - INFO : 
$> LSHBox /Users/parnell/data/rdata/vec/gaussian/gaussian__d=2_s=100000_nclus=1_var=0.1.bin /Users/parnell/data/rdata/vec/gaussian/indexes/gaussian__d=2_s=100000_nclus=1_var=0.1.lsh /Users/parnell/data/rdata/results/vec/gaussian/benchmarks/gaussian__d=2_s=100000_nclus=1_var=0.1_k=3.topk.txt 3 /Users/parnell/data/rdata/vec/gaussian/query/query_gaussian__d=2_s=100000_nclus=1_var=0.1_qs=10_f=0.vec  > 
 /Users/parnell/data/rdata/results/vec/gaussian/benchmarks/gaussian__d=2_s=100000_nclus=1_var=0.1_k=3.rfile.txt
2016-12-16 17:46:15,718 - INFO : func<'_runlsh'> took: 0.5828 sec
2016-12-16 17:46:37,605 - INFO : func<'_genGauss'> took: 0.0001 sec
2016-12-16 17:46:37,605 - INFO : func<'_vec2bin'> took: 0.0000 sec
2016-12-16 17:46:37,605 - INFO : func<'_vec2hdf5'> took: 0.0000 sec
2016-12-16 17:46:37,605 - INFO : func<'_vec2vect'> took: 0.0000 sec
2016-12-16 17:46:37,606 - INFO : 
$> CreateLSHBenchmark /Users/parnell/data/rdata/vec/gaussian/gaussian__d=2_s=100000_nclus=1_var=0.1.bin /Users/parnell/data/rdata/results/vec/gaussian/benchmarks/gaussian__d=2_s=100000_nclus=1_var=0.1_k=3.topk.txt 3 10  >  
 /Users/parnell/data/rdata/results/vec/gaussian/benchmarks/gaussian__d=2_s=100000_nclus=1_var=0.1_k=3.lsh.bench.txt
2016-12-16 17:46:37,677 - INFO : func<'runbench'> took: 0.0712 sec
2016-12-16 17:46:37,678 - INFO : 
$> LSHBox /Users/parnell/data/rdata/vec/gaussian/gaussian__d=2_s=100000_nclus=1_var=0.1.bin /Users/parnell/data/rdata/vec/gaussian/indexes/gaussian__d=2_s=100000_nclus=1_var=0.1.lsh /Users/parnell/data/rdata/results/vec/gaussian/benchmarks/gaussian__d=2_s=100000_nclus=1_var=0.1_k=3.topk.txt 3 /Users/parnell/data/rdata/vec/gaussian/query/query_gaussian__d=2_s=100000_nclus=1_var=0.1_qs=10_f=0.vec  >  
 /Users/parnell/data/rdata/results/vec/gaussian/benchmarks/gaussian__d=2_s=100000_nclus=1_var=0.1_k=3.rfile.txt
2016-12-16 17:46:38,248 - INFO : func<'_runlsh'> took: 0.5697 sec
2016-12-16 17:46:58,252 - INFO : func<'_genGauss'> took: 0.0001 sec
2016-12-16 17:46:58,252 - INFO : func<'_vec2bin'> took: 0.0000 sec
2016-12-16 17:46:58,252 - INFO : func<'_vec2hdf5'> took: 0.0000 sec
2016-12-16 17:46:58,253 - INFO : func<'_vec2vect'> took: 0.0000 sec
2016-12-16 17:46:58,253 - INFO : 
$> CreateLSHBenchmark /Users/parnell/data/rdata/vec/gaussian/gaussian__d=2_s=100000_nclus=1_var=0.1.bin /Users/parnell/data/rdata/results/vec/gaussian/benchmarks/gaussian__d=2_s=100000_nclus=1_var=0.1_k=3.topk.txt 3 10  >  /Users/parnell/data/rdata/results/vec/gaussian/benchmarks/gaussian__d=2_s=100000_nclus=1_var=0.1_k=3.lsh.bench.txt 

2016-12-16 17:46:58,324 - INFO : func<'runbench'> took: 0.0710 sec
2016-12-16 17:46:58,325 - INFO : 
$> LSHBox /Users/parnell/data/rdata/vec/gaussian/gaussian__d=2_s=100000_nclus=1_var=0.1.bin /Users/parnell/data/rdata/vec/gaussian/indexes/gaussian__d=2_s=100000_nclus=1_var=0.1.lsh /Users/parnell/data/rdata/results/vec/gaussian/benchmarks/gaussian__d=2_s=100000_nclus=1_var=0.1_k=3.topk.txt 3 /Users/parnell/data/rdata/vec/gaussian/query/query_gaussian__d=2_s=100000_nclus=1_var=0.1_qs=10_f=0.vec  >  /Users/parnell/data/rdata/results/vec/gaussian/benchmarks/gaussian__d=2_s=100000_nclus=1_var=0.1_k=3.rfile.txt 

2016-12-16 17:46:58,907 - INFO : func<'_runlsh'> took: 0.5818 sec
2016-12-16 17:49:56,978 - INFO : func<'_genGauss'> took: 0.0002 sec
2016-12-16 17:49:56,978 - INFO : func<'_vec2bin'> took: 0.0000 sec
2016-12-16 17:49:56,978 - INFO : func<'_vec2hdf5'> took: 0.0000 sec
2016-12-16 17:49:56,978 - INFO : func<'_vec2vect'> took: 0.0000 sec
2016-12-16 17:49:56,979 - INFO : func<'runbench'> took: 0.0001 sec
2016-12-16 17:49:56,979 - INFO : func<'_runlsh'> took: 0.0000 sec
2016-12-16 17:55:40,291 - INFO : func<'_genGauss'> took: 0.0002 sec
2016-12-16 17:55:40,292 - INFO : func<'_vec2bin'> took: 0.0000 sec
2016-12-16 17:55:40,292 - INFO : func<'_vec2hdf5'> took: 0.0000 sec
2016-12-16 17:55:40,292 - INFO : func<'_vec2vect'> took: 0.0000 sec
2016-12-16 17:55:40,293 - INFO : func<'runbench'> took: 0.0002 sec
2016-12-16 17:55:40,293 - INFO : func<'_runlsh'> took: 0.0000 sec
2016-12-16 17:56:22,285 - INFO : func<'_genGauss'> took: 0.0001 sec
2016-12-16 17:56:22,285 - INFO : func<'_vec2bin'> took: 0.0000 sec
2016-12-16 17:56:22,285 - INFO : func<'_vec2hdf5'> took: 0.0000 sec
2016-12-16 17:56:22,285 - INFO : func<'_vec2vect'> took: 0.0000 sec
2016-12-16 17:56:22,286 - INFO : func<'runbench'> took: 0.0002 sec
2016-12-16 17:56:22,286 - INFO : func<'_runlsh'> took: 0.0000 sec
2016-12-16 17:57:05,240 - INFO : func<'_genGauss'> took: 0.0001 sec
2016-12-16 17:57:05,240 - INFO : func<'_vec2bin'> took: 0.0000 sec
2016-12-16 17:57:05,241 - INFO : func<'_vec2hdf5'> took: 0.0000 sec
2016-12-16 17:57:05,241 - INFO : func<'_vec2vect'> took: 0.0000 sec
2016-12-16 17:57:05,241 - INFO : func<'runbench'> took: 0.0002 sec
2016-12-16 17:57:05,241 - INFO : func<'_runlsh'> took: 0.0000 sec
2016-12-16 17:57:21,198 - INFO : func<'_genGauss'> took: 0.0001 sec
2016-12-16 17:57:21,198 - INFO : func<'_vec2bin'> took: 0.0000 sec
2016-12-16 17:57:21,198 - INFO : func<'_vec2hdf5'> took: 0.0000 sec
2016-12-16 17:57:21,198 - INFO : func<'_vec2vect'> took: 0.0000 sec
2016-12-16 17:57:21,199 - INFO : func<'runbench'> took: 0.0002 sec
2016-12-16 17:57:21,199 - INFO : func<'_runlsh'> took: 0.0000 sec
2016-12-16 18:01:29,696 - INFO : func<'_genGauss'> took: 0.0002 sec
2016-12-16 18:01:29,696 - INFO : func<'_vec2bin'> took: 0.0000 sec
2016-12-16 18:01:29,696 - INFO : func<'_vec2hdf5'> took: 0.0000 sec
2016-12-16 18:01:29,697 - INFO : func<'_vec2vect'> took: 0.0000 sec
2016-12-16 18:01:29,697 - INFO : func<'runbench'> took: 0.0002 sec
2016-12-16 18:01:29,697 - INFO : func<'_runlsh'> took: 0.0000 sec
2016-12-16 18:02:15,904 - INFO : func<'_genGauss'> took: 0.0001 sec
2016-12-16 18:02:15,904 - INFO : func<'_vec2bin'> took: 0.0000 sec
2016-12-16 18:02:15,904 - INFO : func<'_vec2hdf5'> took: 0.0000 sec
2016-12-16 18:02:15,904 - INFO : func<'_vec2vect'> took: 0.0000 sec
2016-12-16 18:02:15,905 - INFO : func<'runbench'> took: 0.0002 sec
2016-12-16 18:02:15,905 - INFO : func<'_runlsh'> took: 0.0000 sec
